<?xml version="1.0" encoding="UTF-8" ?>
<testsuites>
 <testsuite name="WVU_OCR_Issues_script" package="DavesSupportSuite.suite" timestamp="2025-02-07 13:55:26.646 -0500"
 tests="1"  failures="1" errors="0" time="0.139000">
  <properties>
   <property name="RunDate" value="2025-02-07 13:55:26.646 -0500"/>
   <property name="Status" value="Failure"/>
  </properties>
  <testcase name="WVU_OCR_Issues.script" assertions="1" status="failure"  time="0.127">
    <failure type="FAILURE" message="BadValue: Bad value for (null).  Looking for a rectangle, got &apos;[[1158,856,1574,928],{duration:10 seconds}]&apos;. -- Execution Time 0:00:00 WVU_OCR_Issues.script" />
  </testcase>
 </testsuite>
</testsuites>
