2025-02-24 14:45:41.395 -0500	START		Running Salesforce Development_DMH.script
2025-02-24 14:45:41.400 -0500	EndTestCase		(Duration:"0.001", Errors:"1", Exceptions:"0", StartTime:"2025-02-24 14:45:41 -0500", Successes:"0", TestCase:"Salesforce Development_DMH.script", Warnings:"0")
2025-02-24 14:45:41.619 -0500	FAILURE	Screen_Error.png	SenseTalk Compiler Exception: in salesforce_development_dmh:\nSyntax Error at line 85: can't understand [matching quote not found] at character 136 -- Execution Time 0:00:00 Salesforce Development_DMH.script
