<?xml version="1.0" encoding="UTF-8" ?>
<testsuites>
 <testsuite name="Salesforce Development_DMH_script" package="DavesSupportSuite.suite" timestamp="2025-02-24 14:45:41.388 -0500"
 tests="1"  failures="1" errors="0" time="0.011000">
  <properties>
   <property name="RunDate" value="2025-02-24 14:45:41.388 -0500"/>
   <property name="Status" value="Failure"/>
  </properties>
  <testcase name="Salesforce Development_DMH.script" assertions="1" status="failure"  time="0.001">
    <failure type="FAILURE" message="SenseTalk Compiler Exception: in salesforce_development_dmh:\nSyntax Error at line 85: can&apos;t understand [matching quote not found] at character 136 -- Execution Time 0:00:00 Salesforce Development_DMH.script" />
  </testcase>
 </testsuite>
</testsuites>
