<?xml version="1.0" encoding="UTF-8" ?>
<testsuites>
 <testsuite name="Salesforce Development_script" package="DavesSupportSuite.suite" timestamp="2025-02-24 13:58:01.637 -0500"
 tests="1"  failures="1" errors="0" time="0.269000">
  <properties>
   <property name="RunDate" value="2025-02-24 13:58:01.637 -0500"/>
   <property name="Status" value="Failure"/>
  </properties>
  <testcase name="Salesforce Development.script" assertions="1" status="failure"  time="0.258">
    <failure type="FAILURE" message="Invalid JSON: Can&apos;t get value of JSON expression -- Execution Time 0:00:00 Salesforce Development.script" />
  </testcase>
 </testsuite>
</testsuites>
