<?xml version="1.0" encoding="UTF-8" ?>
<testsuites>
 <testsuite name="Finalgetandpatchforprovider_apitest" package="DavesSupportSuite.suite" timestamp="2025-02-24 13:52:47.971 -0500"
 tests="1"  failures="1" errors="0" time="0.311000">
  <properties>
   <property name="RunDate" value="2025-02-24 13:52:47.971 -0500"/>
   <property name="Status" value="Failure"/>
  </properties>
  <testcase name="Finalgetandpatchforprovider.apitest" assertions="1" status="failure"  time="0.304">
    <failure type="FAILURE" message="Invalid JSON: Can&apos;t get value of JSON expression -- Execution Time 0:00:00 Finalgetandpatchforprovider.apitest" />
  </testcase>
 </testsuite>
</testsuites>
