<?xml version="1.0" encoding="UTF-8" ?>
<testsuites>
 <testsuite name="WVU_OCR_Issues_script" package="DavesSupportSuite.suite" timestamp="2025-02-06 15:56:59.042 -0500"
 tests="1"  failures="1" errors="2" time="8.228000">
  <properties>
   <property name="RunDate" value="2025-02-06 15:56:59.042 -0500"/>
   <property name="Status" value="Failure"/>
  </properties>
  <testcase name="WVU_OCR_Issues.script" assertions="1" status="error"  time="8.216">
    <failure type="FAILURE" message="File Not Found: readtext Error - Could Not Open Image: 1155 -- Execution Time 0:00:08 WVU_OCR_Issues.script" />
    <error type="Exception" message="Could Not Open Image: 1155" />
  </testcase>
 </testsuite>
</testsuites>
